{
  "stats": {
    "suites": 1,
    "tests": 1,
    "passes": 1,
    "pending": 0,
    "failures": 0,
    "start": "2025-07-31T16:17:49.881Z",
    "end": "2025-07-31T16:17:59.803Z",
    "duration": 9922,
    "testsRegistered": 1,
    "passPercent": 100,
    "pendingPercent": 0,
    "other": 0,
    "hasOther": false,
    "skipped": 0,
    "hasSkipped": false
  },
  "results": [
    {
      "uuid": "4afb297a-6b2a-4e18-b743-8955bfc820bb",
      "title": "",
      "fullFile": "cypress\\e2e\\basic-transfers.cy.js",
      "file": "cypress\\e2e\\basic-transfers.cy.js",
      "beforeHooks": [],
      "afterHooks": [],
      "tests": [],
      "suites": [
        {
          "uuid": "5a7a07b0-7e04-42f8-9250-ae2cf92d7b00",
          "title": "TC-TRANS-001: Basic Transfer",
          "fullFile": "",
          "file": "",
          "beforeHooks": [],
          "afterHooks": [],
          "tests": [
            {
              "title": "Should perform successful basic transfer",
              "fullTitle": "TC-TRANS-001: Basic Transfer Should perform successful basic transfer",
              "timedOut": null,
              "duration": 9852,
              "state": "passed",
              "speed": "medium",
              "pass": true,
              "fail": false,
              "pending": false,
              "context": null,
              "code": "cy.fixture('transfer-data').then(data => {\n  cy.performBasicTransfer(data.basicTransfer);\n});",
              "err": {},
              "uuid": "08189420-f0f7-44a6-b7b0-c83992b29665",
              "parentUUID": "5a7a07b0-7e04-42f8-9250-ae2cf92d7b00",
              "isHook": false,
              "skipped": false
            }
          ],
          "suites": [],
          "passes": [
            "08189420-f0f7-44a6-b7b0-c83992b29665"
          ],
          "failures": [],
          "pending": [],
          "skipped": [],
          "duration": 9852,
          "root": false,
          "rootEmpty": false,
          "_timeout": 2000
        }
      ],
      "passes": [],
      "failures": [],
      "pending": [],
      "skipped": [],
      "duration": 0,
      "root": true,
      "rootEmpty": true,
      "_timeout": 2000
    }
  ],
  "meta": {
    "mocha": {
      "version": "7.0.1"
    },
    "mochawesome": {
      "options": {
        "quiet": false,
        "reportFilename": "[name]",
        "saveHtml": false,
        "saveJson": true,
        "consoleReporter": "spec",
        "useInlineDiffs": false,
        "code": true
      },
      "version": "7.1.3"
    },
    "marge": {
      "options": {
        "reportDir": "cypress/reports",
        "overwrite": false,
        "html": false,
        "json": true,
        "reportFilename": "[name]"
      },
      "version": "6.2.0"
    }
  }
}