{
  "stats": {
    "suites": 1,
    "tests": 1,
    "passes": 1,
    "pending": 0,
    "failures": 0,
    "start": "2025-07-31T17:06:15.368Z",
    "end": "2025-07-31T17:06:23.889Z",
    "duration": 8521,
    "testsRegistered": 1,
    "passPercent": 100,
    "pendingPercent": 0,
    "other": 0,
    "hasOther": false,
    "skipped": 0,
    "hasSkipped": false
  },
  "results": [
    {
      "uuid": "8afc28b6-36fb-4862-bbf8-12e40780969b",
      "title": "",
      "fullFile": "cypress\\e2e\\basic-transfers.cy.js",
      "file": "cypress\\e2e\\basic-transfers.cy.js",
      "beforeHooks": [],
      "afterHooks": [],
      "tests": [],
      "suites": [
        {
          "uuid": "fe706f3c-c246-40a0-b902-56e07c0b1b0c",
          "title": "TC-TRANS-001: Basic Transfer",
          "fullFile": "",
          "file": "",
          "beforeHooks": [],
          "afterHooks": [],
          "tests": [
            {
              "title": "Should perform successful basic transfer",
              "fullTitle": "TC-TRANS-001: Basic Transfer Should perform successful basic transfer",
              "timedOut": null,
              "duration": 8465,
              "state": "passed",
              "speed": "medium",
              "pass": true,
              "fail": false,
              "pending": false,
              "context": null,
              "code": "cy.fixture('transfer-data').then(data => {\n  cy.performBasicTransfer(data.basicTransfer);\n});",
              "err": {},
              "uuid": "ca50788e-7480-4f61-8637-4f611dc3f893",
              "parentUUID": "fe706f3c-c246-40a0-b902-56e07c0b1b0c",
              "isHook": false,
              "skipped": false
            }
          ],
          "suites": [],
          "passes": [
            "ca50788e-7480-4f61-8637-4f611dc3f893"
          ],
          "failures": [],
          "pending": [],
          "skipped": [],
          "duration": 8465,
          "root": false,
          "rootEmpty": false,
          "_timeout": 2000
        }
      ],
      "passes": [],
      "failures": [],
      "pending": [],
      "skipped": [],
      "duration": 0,
      "root": true,
      "rootEmpty": true,
      "_timeout": 2000
    }
  ],
  "meta": {
    "mocha": {
      "version": "7.0.1"
    },
    "mochawesome": {
      "options": {
        "quiet": false,
        "reportFilename": "[name]",
        "saveHtml": false,
        "saveJson": true,
        "consoleReporter": "spec",
        "useInlineDiffs": false,
        "code": true
      },
      "version": "7.1.3"
    },
    "marge": {
      "options": {
        "reportDir": "cypress/reports",
        "overwrite": false,
        "html": false,
        "json": true,
        "reportFilename": "[name]"
      },
      "version": "6.2.0"
    }
  }
}