{
  "stats": {
    "suites": 1,
    "tests": 1,
    "passes": 1,
    "pending": 0,
    "failures": 0,
    "start": "2025-07-31T17:06:25.107Z",
    "end": "2025-07-31T17:06:35.197Z",
    "duration": 10090,
    "testsRegistered": 1,
    "passPercent": 100,
    "pendingPercent": 0,
    "other": 0,
    "hasOther": false,
    "skipped": 0,
    "hasSkipped": false
  },
  "results": [
    {
      "uuid": "6f8b7b8c-d9fd-48ad-a300-4e8137f2f4a9",
      "title": "",
      "fullFile": "cypress\\e2e\\recurring-transfers.cy.js",
      "file": "cypress\\e2e\\recurring-transfers.cy.js",
      "beforeHooks": [],
      "afterHooks": [],
      "tests": [],
      "suites": [
        {
          "uuid": "8e06f94a-0027-41ef-8f39-73abef76eb5a",
          "title": "TC-TRANS-003: Recurring Transfer",
          "fullFile": "",
          "file": "",
          "beforeHooks": [],
          "afterHooks": [],
          "tests": [
            {
              "title": "Should perform recurring transfer",
              "fullTitle": "TC-TRANS-003: Recurring Transfer Should perform recurring transfer",
              "timedOut": null,
              "duration": 10033,
              "state": "passed",
              "speed": "slow",
              "pass": true,
              "fail": false,
              "pending": false,
              "context": null,
              "code": "cy.fixture('transfer-data').then(data => {\n  cy.performRecurringTransfer(data.recurringTransfer);\n});",
              "err": {},
              "uuid": "bda0976d-1453-42bd-9512-ef6b6b2e7550",
              "parentUUID": "8e06f94a-0027-41ef-8f39-73abef76eb5a",
              "isHook": false,
              "skipped": false
            }
          ],
          "suites": [],
          "passes": [
            "bda0976d-1453-42bd-9512-ef6b6b2e7550"
          ],
          "failures": [],
          "pending": [],
          "skipped": [],
          "duration": 10033,
          "root": false,
          "rootEmpty": false,
          "_timeout": 2000
        }
      ],
      "passes": [],
      "failures": [],
      "pending": [],
      "skipped": [],
      "duration": 0,
      "root": true,
      "rootEmpty": true,
      "_timeout": 2000
    }
  ],
  "meta": {
    "mocha": {
      "version": "7.0.1"
    },
    "mochawesome": {
      "options": {
        "quiet": false,
        "reportFilename": "[name]",
        "saveHtml": false,
        "saveJson": true,
        "consoleReporter": "spec",
        "useInlineDiffs": false,
        "code": true
      },
      "version": "7.1.3"
    },
    "marge": {
      "options": {
        "reportDir": "cypress/reports",
        "overwrite": false,
        "html": false,
        "json": true,
        "reportFilename": "[name]"
      },
      "version": "6.2.0"
    }
  }
}