{
  "stats": {
    "suites": 1,
    "tests": 1,
    "passes": 1,
    "pending": 0,
    "failures": 0,
    "start": "2025-07-31T16:18:01.132Z",
    "end": "2025-07-31T16:18:12.651Z",
    "duration": 11519,
    "testsRegistered": 1,
    "passPercent": 100,
    "pendingPercent": 0,
    "other": 0,
    "hasOther": false,
    "skipped": 0,
    "hasSkipped": false
  },
  "results": [
    {
      "uuid": "4a29c125-56ad-4323-8e15-037d45131ad3",
      "title": "",
      "fullFile": "cypress\\e2e\\recurring-transfers.cy.js",
      "file": "cypress\\e2e\\recurring-transfers.cy.js",
      "beforeHooks": [],
      "afterHooks": [],
      "tests": [],
      "suites": [
        {
          "uuid": "3e2b793d-e93c-42af-b1e1-2bfc9da41ec5",
          "title": "TC-TRANS-003: Recurring Transfer",
          "fullFile": "",
          "file": "",
          "beforeHooks": [],
          "afterHooks": [],
          "tests": [
            {
              "title": "Should perform recurring transfer",
              "fullTitle": "TC-TRANS-003: Recurring Transfer Should perform recurring transfer",
              "timedOut": null,
              "duration": 11448,
              "state": "passed",
              "speed": "slow",
              "pass": true,
              "fail": false,
              "pending": false,
              "context": null,
              "code": "cy.fixture('transfer-data').then(data => {\n  cy.performRecurringTransfer(data.recurringTransfer);\n});",
              "err": {},
              "uuid": "91c3a65f-44c2-4d19-b13d-de6c2336ae6e",
              "parentUUID": "3e2b793d-e93c-42af-b1e1-2bfc9da41ec5",
              "isHook": false,
              "skipped": false
            }
          ],
          "suites": [],
          "passes": [
            "91c3a65f-44c2-4d19-b13d-de6c2336ae6e"
          ],
          "failures": [],
          "pending": [],
          "skipped": [],
          "duration": 11448,
          "root": false,
          "rootEmpty": false,
          "_timeout": 2000
        }
      ],
      "passes": [],
      "failures": [],
      "pending": [],
      "skipped": [],
      "duration": 0,
      "root": true,
      "rootEmpty": true,
      "_timeout": 2000
    }
  ],
  "meta": {
    "mocha": {
      "version": "7.0.1"
    },
    "mochawesome": {
      "options": {
        "quiet": false,
        "reportFilename": "[name]",
        "saveHtml": false,
        "saveJson": true,
        "consoleReporter": "spec",
        "useInlineDiffs": false,
        "code": true
      },
      "version": "7.1.3"
    },
    "marge": {
      "options": {
        "reportDir": "cypress/reports",
        "overwrite": false,
        "html": false,
        "json": true,
        "reportFilename": "[name]"
      },
      "version": "6.2.0"
    }
  }
}