{
  "stats": {
    "suites": 1,
    "tests": 1,
    "passes": 1,
    "pending": 0,
    "failures": 0,
    "start": "2025-07-31T16:24:51.981Z",
    "end": "2025-07-31T16:25:04.138Z",
    "duration": 12157,
    "testsRegistered": 1,
    "passPercent": 100,
    "pendingPercent": 0,
    "other": 0,
    "hasOther": false,
    "skipped": 0,
    "hasSkipped": false
  },
  "results": [
    {
      "uuid": "19b9f286-4d31-402a-8a77-443c98351b27",
      "title": "",
      "fullFile": "cypress\\e2e\\recurring-transfers.cy.js",
      "file": "cypress\\e2e\\recurring-transfers.cy.js",
      "beforeHooks": [],
      "afterHooks": [],
      "tests": [],
      "suites": [
        {
          "uuid": "174857c4-1051-4e92-9d11-fb238a4acacb",
          "title": "TC-TRANS-003: Recurring Transfer",
          "fullFile": "",
          "file": "",
          "beforeHooks": [],
          "afterHooks": [],
          "tests": [
            {
              "title": "Should perform recurring transfer",
              "fullTitle": "TC-TRANS-003: Recurring Transfer Should perform recurring transfer",
              "timedOut": null,
              "duration": 12077,
              "state": "passed",
              "speed": "slow",
              "pass": true,
              "fail": false,
              "pending": false,
              "context": null,
              "code": "cy.fixture('transfer-data').then(data => {\n  cy.performRecurringTransfer(data.recurringTransfer);\n});",
              "err": {},
              "uuid": "9d57c35e-f4db-46c7-8262-8dc1c495ef50",
              "parentUUID": "174857c4-1051-4e92-9d11-fb238a4acacb",
              "isHook": false,
              "skipped": false
            }
          ],
          "suites": [],
          "passes": [
            "9d57c35e-f4db-46c7-8262-8dc1c495ef50"
          ],
          "failures": [],
          "pending": [],
          "skipped": [],
          "duration": 12077,
          "root": false,
          "rootEmpty": false,
          "_timeout": 2000
        }
      ],
      "passes": [],
      "failures": [],
      "pending": [],
      "skipped": [],
      "duration": 0,
      "root": true,
      "rootEmpty": true,
      "_timeout": 2000
    }
  ],
  "meta": {
    "mocha": {
      "version": "7.0.1"
    },
    "mochawesome": {
      "options": {
        "quiet": false,
        "reportFilename": "[name]",
        "saveHtml": false,
        "saveJson": true,
        "consoleReporter": "spec",
        "useInlineDiffs": false,
        "code": true
      },
      "version": "7.1.3"
    },
    "marge": {
      "options": {
        "reportDir": "cypress/reports",
        "overwrite": false,
        "html": false,
        "json": true,
        "reportFilename": "[name]"
      },
      "version": "6.2.0"
    }
  }
}