{
  "stats": {
    "suites": 1,
    "tests": 1,
    "passes": 1,
    "pending": 0,
    "failures": 0,
    "start": "2025-07-31T16:18:13.890Z",
    "end": "2025-07-31T16:18:24.440Z",
    "duration": 10550,
    "testsRegistered": 1,
    "passPercent": 100,
    "pendingPercent": 0,
    "other": 0,
    "hasOther": false,
    "skipped": 0,
    "hasSkipped": false
  },
  "results": [
    {
      "uuid": "c7940282-a659-4e8e-a651-0f5c540b5224",
      "title": "",
      "fullFile": "cypress\\e2e\\scheduled-transfers.cy.js",
      "file": "cypress\\e2e\\scheduled-transfers.cy.js",
      "beforeHooks": [],
      "afterHooks": [],
      "tests": [],
      "suites": [
        {
          "uuid": "d4b7b8dd-2113-4f2a-84f7-5766ed00aa0a",
          "title": "TC-TRANS-002: Scheduled Transfer",
          "fullFile": "",
          "file": "",
          "beforeHooks": [],
          "afterHooks": [],
          "tests": [
            {
              "title": "Should perform scheduled transfer",
              "fullTitle": "TC-TRANS-002: Scheduled Transfer Should perform scheduled transfer",
              "timedOut": null,
              "duration": 10484,
              "state": "passed",
              "speed": "slow",
              "pass": true,
              "fail": false,
              "pending": false,
              "context": null,
              "code": "cy.fixture('transfer-data').then(data => {\n  cy.performScheduledTransfer(data.scheduledTransfer);\n});",
              "err": {},
              "uuid": "aa11b1a0-46e9-428d-a7cb-06bfb2441563",
              "parentUUID": "d4b7b8dd-2113-4f2a-84f7-5766ed00aa0a",
              "isHook": false,
              "skipped": false
            }
          ],
          "suites": [],
          "passes": [
            "aa11b1a0-46e9-428d-a7cb-06bfb2441563"
          ],
          "failures": [],
          "pending": [],
          "skipped": [],
          "duration": 10484,
          "root": false,
          "rootEmpty": false,
          "_timeout": 2000
        }
      ],
      "passes": [],
      "failures": [],
      "pending": [],
      "skipped": [],
      "duration": 0,
      "root": true,
      "rootEmpty": true,
      "_timeout": 2000
    }
  ],
  "meta": {
    "mocha": {
      "version": "7.0.1"
    },
    "mochawesome": {
      "options": {
        "quiet": false,
        "reportFilename": "[name]",
        "saveHtml": false,
        "saveJson": true,
        "consoleReporter": "spec",
        "useInlineDiffs": false,
        "code": true
      },
      "version": "7.1.3"
    },
    "marge": {
      "options": {
        "reportDir": "cypress/reports",
        "overwrite": false,
        "html": false,
        "json": true,
        "reportFilename": "[name]"
      },
      "version": "6.2.0"
    }
  }
}